<?xml version="1.0" encoding="UTF-8"?>
<testng-results ignored="0" total="1" passed="1" failed="0" skipped="0">
  <reporter-output>
  </reporter-output>
  <suite started-at="2025-10-28T22:13:55 IST" name="Tests" finished-at="2025-10-28T22:14:43 IST" duration-ms="48520">
    <groups>
    </groups>
    <test started-at="2025-10-28T22:13:55 IST" name="Test1" finished-at="2025-10-28T22:14:43 IST" duration-ms="48520">
      <class name="Interview.Maven.NewTest">
        <test-method is-config="true" signature="setupReport()[pri:0, instance:Interview.Maven.NewTest@309e345f]" started-at="2025-10-28T22:13:54 IST" name="setupReport" finished-at="2025-10-28T22:13:55 IST" duration-ms="785" status="PASS">
          <reporter-output>
          </reporter-output>
        </test-method> <!-- setupReport -->
        <test-method signature="f()[pri:0, instance:Interview.Maven.NewTest@309e345f]" started-at="2025-10-28T22:13:55 IST" name="f" finished-at="2025-10-28T22:14:43 IST" duration-ms="48428" status="PASS">
          <reporter-output>
          </reporter-output>
        </test-method> <!-- f -->
        <test-method is-config="true" signature="flushReport()[pri:0, instance:Interview.Maven.NewTest@309e345f]" started-at="2025-10-28T22:14:44 IST" name="flushReport" finished-at="2025-10-28T22:14:45 IST" duration-ms="933" status="PASS">
          <reporter-output>
          </reporter-output>
        </test-method> <!-- flushReport -->
      </class> <!-- Interview.Maven.NewTest -->
    </test> <!-- Test1 -->
  </suite> <!-- Tests -->
</testng-results>
