<?xml version="1.0" encoding="UTF-8"?>
<testng-results ignored="0" total="1" passed="1" failed="0" skipped="0">
  <reporter-output>
  </reporter-output>
  <suite started-at="2025-10-20T12:15:19 IST" name="Tests" finished-at="2025-10-20T12:16:01 IST" duration-ms="41866">
    <groups>
    </groups>
    <test started-at="2025-10-20T12:15:19 IST" name="Test1" finished-at="2025-10-20T12:16:01 IST" duration-ms="41866">
      <class name="Interview.Maven.NewTest">
        <test-method is-config="true" signature="setupReport()[pri:0, instance:Interview.Maven.NewTest@1d76aeea]" started-at="2025-10-20T12:15:19 IST" name="setupReport" finished-at="2025-10-20T12:15:19 IST" duration-ms="340" status="PASS">
          <reporter-output>
          </reporter-output>
        </test-method> <!-- setupReport -->
        <test-method signature="f()[pri:0, instance:Interview.Maven.NewTest@1d76aeea]" started-at="2025-10-20T12:15:19 IST" name="f" finished-at="2025-10-20T12:16:01 IST" duration-ms="41833" status="PASS">
          <reporter-output>
          </reporter-output>
        </test-method> <!-- f -->
        <test-method is-config="true" signature="flushReport()[pri:0, instance:Interview.Maven.NewTest@1d76aeea]" started-at="2025-10-20T12:16:01 IST" name="flushReport" finished-at="2025-10-20T12:16:01 IST" duration-ms="384" status="PASS">
          <reporter-output>
          </reporter-output>
        </test-method> <!-- flushReport -->
      </class> <!-- Interview.Maven.NewTest -->
    </test> <!-- Test1 -->
  </suite> <!-- Tests -->
</testng-results>
